<?xml version="1.0" encoding="UTF-8"?><results version="2">    <cppcheck version="1.69"/>    <errors>        <error id="variableScope" severity="style" msg="The scope of the variable &apos;host_info&apos; can be reduced." verbose="The scope of the variable &apos;host_info&apos; can be reduced. Warning: Be careful when fixing this message, especially when there are inner loops. Here is an example where cppcheck will write that the scope for &apos;i&apos; can be reduced:\012void f(int x)\012{\012    int i = 0;\012    if (x) {\012        // it&apos;s safe to move &apos;int i = 0;&apos; here\012        for (int n = 0; n &lt; 10; ++n) {\012            // it is possible but not safe to move &apos;int i = 0;&apos; here\012            do_something(&amp;i);\012        }\012    }\012}\012When you see this message it is always safe to reduce the variable scope 1 level.">            <location file="C:\Users\root\Desktop\HomePLC\Source\SmartSPS\SmartSPS\node_phhlux.cpp" line="91"/>        </error>        <error id="unusedVariable" severity="style" msg="Unused variable: buffer" verbose="Unused variable: buffer">            <location file="C:\Users\root\Desktop\HomePLC\Source\SmartSPS\SmartSPS\node_phhlux.cpp" line="94"/>        </error>        <error id="unusedVariable" severity="style" msg="Unused variable: count" verbose="Unused variable: count">            <location file="C:\Users\root\Desktop\HomePLC\Source\SmartSPS\SmartSPS\node_phhlux.cpp" line="95"/>        </error>        <error id="uninitMemberVar" severity="warning" msg="Member variable &apos;node_phhlux::parameters&apos; is not initialized in the constructor." verbose="Member variable &apos;node_phhlux::parameters&apos; is not initialized in the constructor.">            <location file="C:\Users\root\Desktop\HomePLC\Source\SmartSPS\SmartSPS\node_phhlux.cpp" line="40"/>        </error>        <error id="uninitMemberVar" severity="warning" msg="Member variable &apos;node_phhlux::p0_brightnes_input&apos; is not initialized in the constructor." verbose="Member variable &apos;node_phhlux::p0_brightnes_input&apos; is not initialized in the constructor.">            <location file="C:\Users\root\Desktop\HomePLC\Source\SmartSPS\SmartSPS\node_phhlux.cpp" line="40"/>        </error>        <error id="uninitMemberVar" severity="warning" msg="Member variable &apos;node_phhlux::last_bright&apos; is not initialized in the constructor." verbose="Member variable &apos;node_phhlux::last_bright&apos; is not initialized in the constructor.">            <location file="C:\Users\root\Desktop\HomePLC\Source\SmartSPS\SmartSPS\node_phhlux.cpp" line="40"/>        </error>        <error id="noExplicitConstructor" severity="style" msg="Class &apos;base_node&apos; has a constructor with 1 argument that is not explicit." verbose="Class &apos;base_node&apos; has a constructor with 1 argument that is not explicit. Such constructors should in general be explicit for type safety reasons. Using the explicit keyword in the constructor means some mistakes when using the class can be avoided.">            <location file="C:\Users\root\Desktop\HomePLC\Source\SmartSPS\SmartSPS\base_node.h" line="9"/>        </error>        <error id="unusedFunction" severity="style" msg="The function &apos;get_value_b&apos; is never used." verbose="The function &apos;get_value_b&apos; is never used.">            <location file="C:\Users\root\Desktop\HomePLC\Source\SmartSPS\SmartSPS\node_phhlux.cpp" line="312"/>        </error>        <error id="unusedFunction" severity="style" msg="The function &apos;get_value_f&apos; is never used." verbose="The function &apos;get_value_f&apos; is never used.">            <location file="C:\Users\root\Desktop\HomePLC\Source\SmartSPS\SmartSPS\node_phhlux.cpp" line="290"/>        </error>        <error id="unusedFunction" severity="style" msg="The function &apos;get_value_i&apos; is never used." verbose="The function &apos;get_value_i&apos; is never used.">            <location file="C:\Users\root\Desktop\HomePLC\Source\SmartSPS\SmartSPS\node_phhlux.cpp" line="301"/>        </error>        <error id="unusedFunction" severity="style" msg="The function &apos;get_value_s&apos; is never used." verbose="The function &apos;get_value_s&apos; is never used.">            <location file="C:\Users\root\Desktop\HomePLC\Source\SmartSPS\SmartSPS\node_phhlux.cpp" line="324"/>        </error>        <error id="unusedFunction" severity="style" msg="The function &apos;init&apos; is never used." verbose="The function &apos;init&apos; is never used.">            <location file="C:\Users\root\Desktop\HomePLC\Source\SmartSPS\SmartSPS\node_phhlux.cpp" line="155"/>        </error>        <error id="unusedFunction" severity="style" msg="The function &apos;serial_income&apos; is never used." verbose="The function &apos;serial_income&apos; is never used.">            <location file="C:\Users\root\Desktop\HomePLC\Source\SmartSPS\SmartSPS\node_phhlux.cpp" line="233"/>        </error>        <error id="unusedFunction" severity="style" msg="The function &apos;set_connection&apos; is never used." verbose="The function &apos;set_connection&apos; is never used.">            <location file="C:\Users\root\Desktop\HomePLC\Source\SmartSPS\SmartSPS\node_phhlux.cpp" line="214"/>        </error>        <error id="unusedFunction" severity="style" msg="The function &apos;set_value&apos; is never used." verbose="The function &apos;set_value&apos; is never used.">            <location file="C:\Users\root\Desktop\HomePLC\Source\SmartSPS\SmartSPS\node_phhlux.cpp" line="239"/>        </error>        <error id="unusedFunction" severity="style" msg="The function &apos;update&apos; is never used." verbose="The function &apos;update&apos; is never used.">            <location file="C:\Users\root\Desktop\HomePLC\Source\SmartSPS\SmartSPS\node_phhlux.cpp" line="54"/>        </error>        <error id="missingIncludeSystem" severity="information" msg="Cppcheck cannot find all the include files (use --check-config for details)" verbose="Cppcheck cannot find all the include files. Cppcheck can check the code without the include files found. But the results will probably be more accurate if all the include files are found. Please check your project&apos;s include directories and add all of them as include directories for Cppcheck. To see what files Cppcheck cannot find use --check-config."/>    </errors></results>